#
# A fatal error has been detected by the Java Runtime Environment:
#
#  EXCEPTION_ACCESS_VIOLATION (0xc0000005) at pc=0x0000000078ce76e6, pid=1108, tid=10264
#
# JRE version: 6.0_17-b04
# Java VM: Java HotSpot(TM) 64-Bit Server VM (14.3-b01 mixed mode windows-amd64 )
# Problematic frame:
# C  0x0000000078ce76e6
#
# If you would like to submit a bug report, please visit:
#   http://java.sun.com/webapps/bugreport/crash.jsp
#

---------------  T H R E A D  ---------------

Current thread (0x000000005db41000):  JavaThread "Main message loop" daemon [_thread_in_vm, id=10264, stack(0x0000000015440000,0x00000000154c0000)]

siginfo: ExceptionCode=0xc0000005, writing address 0x000007fee8749180

Registers:
EAX=0x000000005db41000, EBX=0x000000005db41000, ECX=0x0000000000000032, EDX=0x00000000154ad458
ESP=0x00000000154ad350, EBP=0x00000000154ad418, ESI=0x000007fee8749180, EDI=0x11cf98b53050f1ff
EIP=0x0000000078ce76e6, EFLAGS=0x0000000000010246

Top of Stack: (sp=0x00000000154ad350)
0x00000000154ad350:   00000000000000b9 000000005db41000
0x00000000154ad360:   00000000154ad618 000000007895004e
0x00000000154ad370:   00000000315a5969 00000000384c6c50
0x00000000154ad380:   000000003468dd38 00000000315b1588
0x00000000154ad390:   0000000068236bc0 0000000078a62f28
0x00000000154ad3a0:   000000006823a360 000000006823a380
0x00000000154ad3b0:   000000006823a388 000000006823a3a0
0x00000000154ad3c0:   00000000fffffffc 000000005db41000
0x00000000154ad3d0:   000000005db41000 00000000154ad3d8
0x00000000154ad3e0:   0000000000000000 00000000154ad458
0x00000000154ad3f0:   0000000034690d08 0000000000000000
0x00000000154ad400:   000000003468dd38 0000000000000000
0x00000000154ad410:   00000000154ad438 00000000154ad4a0
0x00000000154ad420:   00000000315a5ac2 0000000000000000
0x00000000154ad430:   00000000315ade58 11cf98b53050f1ff
0x00000000154ad440:   0000000000000000 000007fee8749180 

Instructions: (pc=0x0000000078ce76e6)
0x0000000078ce76d6:   7c 02 00 40 f6 c6 07 c6 80 3c 02 00 00 01 75 05
0x0000000078ce76e6:   48 89 3e eb 09 89 3e 48 c1 ef 20 89 7e 04 c6 80 


Stack: [0x0000000015440000,0x00000000154c0000],  sp=0x00000000154ad350,  free space=436k
Native frames: (J=compiled Java code, j=interpreted, Vv=VM code, C=native code)
C  0x0000000078ce76e6
j  java.nio.DirectByteBuffer.putLong(JJ)Ljava/nio/ByteBuffer;+30
j  java.nio.DirectByteBuffer.putLong(IJ)Ljava/nio/ByteBuffer;+13
j  com.jniwrapper.g.writePointer(IJ)V+15
j  com.jniwrapper.win32.automation.types.SafeArray.setHandle(J)V+9
j  com.jniwrapper.win32.automation.types.SafeArray.a(J)V+8
j  com.jniwrapper.win32.automation.types.SafeArray.acceptIOPerformer(Lcom/jniwrapper/IOPerformer;Lcom/jniwrapper/DataBuffer;IZZ)V+21
j  com.jniwrapper.Pointer.readReferencedObject(Z)V+21
j  com.jniwrapper.Pointer.read(Lcom/jniwrapper/DataBuffer;IZ)V+21
j  com.jniwrapper.win32.automation.types.Variant.b(Lcom/jniwrapper/DataBuffer;IZILcom/jniwrapper/Parameter;)V+61
j  com.jniwrapper.win32.automation.types.Variant.read(Lcom/jniwrapper/DataBuffer;IZ)V+35
j  com.jniwrapper.win32.automation.types.Variant.acceptIOPerformer(Lcom/jniwrapper/IOPerformer;Lcom/jniwrapper/DataBuffer;IZZ)V+21
j  com.jniwrapper.Pointer.readReferencedObject(Z)V+21
j  com.jniwrapper.Pointer.read(Lcom/jniwrapper/DataBuffer;IZ)V+21
j  com.jniwrapper.Pointer.pop(Lcom/jniwrapper/DataBuffer;IZ)V+14

Java frames: (J=compiled Java code, j=interpreted, Vv=VM code)
j  sun.misc.Unsafe.putLong(JJ)V+0
j  java.nio.DirectByteBuffer.putLong(JJ)Ljava/nio/ByteBuffer;+30
j  java.nio.DirectByteBuffer.putLong(IJ)Ljava/nio/ByteBuffer;+13
j  com.jniwrapper.g.writePointer(IJ)V+15
j  com.jniwrapper.win32.automation.types.SafeArray.setHandle(J)V+9
j  com.jniwrapper.win32.automation.types.SafeArray.a(J)V+8
j  com.jniwrapper.win32.automation.types.SafeArray.acceptIOPerformer(Lcom/jniwrapper/IOPerformer;Lcom/jniwrapper/DataBuffer;IZZ)V+21
j  com.jniwrapper.Pointer.readReferencedObject(Z)V+21
j  com.jniwrapper.Pointer.read(Lcom/jniwrapper/DataBuffer;IZ)V+21
j  com.jniwrapper.win32.automation.types.Variant.b(Lcom/jniwrapper/DataBuffer;IZILcom/jniwrapper/Parameter;)V+61
j  com.jniwrapper.win32.automation.types.Variant.read(Lcom/jniwrapper/DataBuffer;IZ)V+35
j  com.jniwrapper.win32.automation.types.Variant.acceptIOPerformer(Lcom/jniwrapper/IOPerformer;Lcom/jniwrapper/DataBuffer;IZZ)V+21
j  com.jniwrapper.Pointer.readReferencedObject(Z)V+21
j  com.jniwrapper.Pointer.read(Lcom/jniwrapper/DataBuffer;IZ)V+21
j  com.jniwrapper.Pointer.pop(Lcom/jniwrapper/DataBuffer;IZ)V+14
J  com.jniwrapper.Parameter.b(Lcom/jniwrapper/DataBuffer;IZ)V
J  com.jniwrapper.Callback.enterPoint(JI)J
v  ~StubRoutines::call_stub
j  com.jniwrapper.Function.invokeCFunc(JJB[BII[II)I+0
J  com.jniwrapper.FunctionCall.a(ZJJJIBLcom/jniwrapper/Parameter;[Lcom/jniwrapper/Parameter;)J
j  com.jniwrapper.FunctionCall.call(JJBLcom/jniwrapper/Parameter;[Lcom/jniwrapper/Parameter;)J+11
j  com.jniwrapper.Function.invoke(Lcom/jniwrapper/Parameter;[Lcom/jniwrapper/Parameter;)J+24
j  com.jniwrapper.Function.invoke(Lcom/jniwrapper/Parameter;Lcom/jniwrapper/Parameter;)J+10
j  com.jniwrapper.win32.MessageLoopThread$LoopThread.run()V+299
v  ~StubRoutines::call_stub

---------------  P R O C E S S  ---------------

Java Threads: ( => current thread )
  0x000000005db3f800 JavaThread "Timer-23" daemon [_thread_blocked, id=9900, stack(0x0000000015320000,0x00000000153a0000)]
=>0x000000005db41000 JavaThread "Main message loop" daemon [_thread_in_vm, id=10264, stack(0x0000000015440000,0x00000000154c0000)]
  0x000000005db40800 JavaThread "com.jniwrapper.NativeResourceCollector" daemon [_thread_blocked, id=6204, stack(0x0000000015100000,0x0000000015180000)]
  0x000000005db3e800 JavaThread "Code Analyzer updating thread" [_thread_blocked, id=1232, stack(0x00000000154d0000,0x0000000015550000)]
  0x000000005d54e000 JavaThread "Code Analyzer updating thread" [_thread_blocked, id=3636, stack(0x00000000153a0000,0x0000000015420000)]
  0x000000005d551800 JavaThread "Code Analyzer updating thread" [_thread_blocked, id=5312, stack(0x00000000152a0000,0x0000000015320000)]
  0x000000005d54d000 JavaThread "Prefs Updater" daemon [_thread_blocked, id=9296, stack(0x0000000015060000,0x00000000150e0000)]
  0x000000005d54e800 JavaThread "Code Analyzer updating thread" [_thread_blocked, id=8144, stack(0x0000000015190000,0x0000000015210000)]
  0x000000005db3f000 JavaThread "Code Analyzer updating thread" [_thread_blocked, id=8844, stack(0x000000005ee20000,0x000000005eea0000)]
  0x000000005db3d800 JavaThread "Code Analyzer updating thread" [_thread_blocked, id=10204, stack(0x0000000058e80000,0x0000000058f00000)]
  0x000000005db3d000 JavaThread "Code Analyzer updating thread" [_thread_blocked, id=1236, stack(0x000000005e800000,0x000000005e880000)]
  0x000000005db3c000 JavaThread "Active Reference Queue Daemon" daemon [_thread_blocked, id=6492, stack(0x000000005ef40000,0x000000005efc0000)]
  0x000000005db3b800 JavaThread "Timer-5" daemon [_thread_blocked, id=3140, stack(0x000000005eec0000,0x000000005ef40000)]
  0x000000005db3a800 JavaThread "Timer-4" daemon [_thread_blocked, id=6608, stack(0x000000005e780000,0x000000005e800000)]
  0x000000005d552800 JavaThread "Explorer NavigationContext request queue" [_thread_blocked, id=6460, stack(0x0000000050c70000,0x0000000050cf0000)]
  0x000000005d551000 JavaThread "AddressBar directory emptiness poller" [_thread_blocked, id=2684, stack(0x000000004cb80000,0x000000004cc00000)]
  0x000000005d550000 JavaThread "Explorer Refresh Service 963999737" [_thread_blocked, id=10668, stack(0x0000000058f00000,0x0000000058f80000)]
  0x000000005d54c800 JavaThread "TimerQueue" daemon [_thread_blocked, id=8792, stack(0x000000000eba0000,0x000000000ec20000)]
  0x000000005d54c000 JavaThread "Thread-5" daemon [_thread_blocked, id=11204, stack(0x000000000ea00000,0x000000000ea80000)]
  0x000000005d54b000 JavaThread "FelixPackageAdmin" daemon [_thread_blocked, id=9920, stack(0x0000000019090000,0x0000000019110000)]
  0x000000005d5f7000 JavaThread "FelixStartLevel" daemon [_thread_blocked, id=9528, stack(0x0000000029420000,0x00000000294a0000)]
  0x000000005d5f6000 JavaThread "FelixDispatchQueue" daemon [_thread_blocked, id=7752, stack(0x0000000019110000,0x0000000019190000)]
  0x000000005d289000 JavaThread "AWT-EventQueue-0" [_thread_blocked, id=7512, stack(0x0000000014ee0000,0x0000000014f60000)]
  0x000000005d17a800 JavaThread "com.google.common.base.internal.Finalizer" daemon [_thread_blocked, id=11224, stack(0x000000000fee0000,0x000000000ff60000)]
  0x000000005d016800 JavaThread "AWT-Windows" daemon [_thread_in_native, id=2232, stack(0x000000000d8e0000,0x000000000d960000)]
  0x0000000008882000 JavaThread "AWT-Shutdown" [_thread_blocked, id=8080, stack(0x000000000d750000,0x000000000d7d0000)]
  0x000000005d0e2000 JavaThread "Java2D Disposer" daemon [_thread_blocked, id=7960, stack(0x0000000008d50000,0x0000000008dd0000)]
  0x000000000f990000 JavaThread "Timer-0" [_thread_blocked, id=5740, stack(0x00000000089e0000,0x0000000008a60000)]
  0x000000000f9fa800 JavaThread "EventMgr Dispatcher" daemon [_thread_in_native, id=5460, stack(0x0000000009080000,0x000000000d080000)]
  0x00000000088dd800 JavaThread "Low Memory Detector" daemon [_thread_blocked, id=4752, stack(0x0000000008ff0000,0x0000000009070000)]
  0x00000000088dc000 JavaThread "CompilerThread1" daemon [_thread_blocked, id=9768, stack(0x000000006b260000,0x000000006f260000)]
  0x00000000088cf000 JavaThread "CompilerThread0" daemon [_thread_blocked, id=11180, stack(0x0000000060930000,0x0000000064930000)]
  0x00000000088c9800 JavaThread "Attach Listener" daemon [_thread_blocked, id=6052, stack(0x0000000008c50000,0x0000000008cd0000)]
  0x0000000005b9f000 JavaThread "Finalizer" daemon [_thread_blocked, id=5704, stack(0x0000000008b10000,0x0000000008b90000)]
  0x0000000005b99000 JavaThread "Reference Handler" daemon [_thread_blocked, id=2556, stack(0x0000000008ba0000,0x0000000008c20000)]
  0x0000000005c4e800 JavaThread "main" [_thread_in_native, id=7076, stack(0x00000000001e0000,0x00000000041e0000)]

Other Threads:
  0x0000000008872800 VMThread [stack: 0x0000000058fb0000,0x000000005cfb0000] [id=10812]
  0x000000000890b800 WatcherThread [stack: 0x0000000080000000,0x0000000084000000] [id=4956]

VM state:not at safepoint (normal execution)

VM Mutex/Monitor currently owned by a thread: None

Heap
 PSYoungGen      total 38656K, used 28932K [0x00000000458a0000, 0x00000000489a0000, 0x00000000489a0000)
  eden space 27392K, 90% used [0x00000000458a0000,0x00000000470b8408,0x0000000047360000)
  from space 11264K, 37% used [0x0000000047360000,0x0000000047788fc8,0x0000000047e60000)
  to   space 11328K, 0% used [0x0000000047e90000,0x0000000047e90000,0x00000000489a0000)
 PSOldGen        total 68864K, used 57197K [0x000000003c5a0000, 0x00000000408e0000, 0x00000000458a0000)
  object space 68864K, 83% used [0x000000003c5a0000,0x000000003fd7b648,0x00000000408e0000)
 PSPermGen       total 104384K, used 74037K [0x00000000345a0000, 0x000000003ab90000, 0x000000003c5a0000)
  object space 104384K, 70% used [0x00000000345a0000,0x0000000038ded738,0x000000003ab90000)

Dynamic libraries:
0x000000013f8b0000 - 0x000000013f8dd000 	C:\Program Files\MATLAB\R2012b\bin\win64\MATLAB.exe
0x0000000077170000 - 0x0000000077319000 	C:\Windows\SYSTEM32\ntdll.dll
0x0000000077050000 - 0x000000007716f000 	C:\Windows\system32\kernel32.dll
0x000007fefd180000 - 0x000007fefd1ec000 	C:\Windows\system32\KERNELBASE.dll
0x0000000074460000 - 0x000000007451f000 	C:\Program Files\MATLAB\R2012b\bin\win64\libut.dll
0x00000000758a0000 - 0x000000007595c000 	C:\Program Files\MATLAB\R2012b\bin\win64\libmwi18n.dll
0x0000000180000000 - 0x000000018000b000 	C:\Program Files\MATLAB\R2012b\bin\win64\libmwresource_core.dll
0x0000000072840000 - 0x0000000072913000 	C:\Windows\WinSxS\amd64_microsoft.vc90.crt_1fc8b3b9a1e18e3b_9.0.30729.6161_none_08e61857a83bc251\MSVCP90.dll
0x0000000072790000 - 0x0000000072833000 	C:\Windows\WinSxS\amd64_microsoft.vc90.crt_1fc8b3b9a1e18e3b_9.0.30729.6161_none_08e61857a83bc251\MSVCR90.dll
0x000000007a170000 - 0x000000007a19c000 	C:\Program Files\MATLAB\R2012b\bin\win64\boost_filesystem-vc90-mt-1_44.dll
0x000000007a560000 - 0x000000007a569000 	C:\Program Files\MATLAB\R2012b\bin\win64\boost_system-vc90-mt-1_44.dll
0x000007fefe0a0000 - 0x000007fefe17b000 	C:\Windows\system32\ADVAPI32.dll
0x000007fefe180000 - 0x000007fefe21f000 	C:\Windows\system32\msvcrt.dll
0x000007fefd900000 - 0x000007fefd91f000 	C:\Windows\SYSTEM32\sechost.dll
0x000007fefd920000 - 0x000007fefda4d000 	C:\Windows\system32\RPCRT4.dll
0x000000007a010000 - 0x000000007a035000 	C:\Program Files\MATLAB\R2012b\bin\win64\LIBEXPAT.dll
0x0000000066b70000 - 0x0000000066d61000 	C:\Program Files\MATLAB\R2012b\bin\win64\icuin44.dll
0x0000000065fc0000 - 0x0000000066131000 	C:\Program Files\MATLAB\R2012b\bin\win64\icuuc44.dll
0x0000000010000000 - 0x0000000010e41000 	C:\Program Files\MATLAB\R2012b\bin\win64\icudt44.dll
0x0000000073f70000 - 0x000000007411d000 	C:\Program Files\MATLAB\R2012b\bin\win64\libmwfl.dll
0x00000000044a0000 - 0x0000000004856000 	C:\Program Files\MATLAB\R2012b\bin\win64\libmwMATLAB_res.dll
0x000000007a3b0000 - 0x000000007a3c0000 	C:\Program Files\MATLAB\R2012b\bin\win64\boost_date_time-vc90-mt-1_44.dll
0x000000007a250000 - 0x000000007a263000 	C:\Program Files\MATLAB\R2012b\bin\win64\boost_signals-vc90-mt-1_44.dll
0x000000007a2d0000 - 0x000000007a2e2000 	C:\Program Files\MATLAB\R2012b\bin\win64\boost_thread-vc90-mt-1_44.dll
0x00000000041e0000 - 0x000000000429d000 	C:\Program Files\MATLAB\R2012b\bin\win64\boost_log-vc90-mt-1_44.dll
0x0000000077340000 - 0x0000000077347000 	C:\Windows\system32\PSAPI.DLL
0x000007fefe5c0000 - 0x000007fefe60d000 	C:\Windows\system32\WS2_32.dll
0x000007fefda50000 - 0x000007fefda58000 	C:\Windows\system32\NSI.dll
0x00000000042a0000 - 0x00000000042e6000 	C:\Program Files\MATLAB\R2012b\bin\win64\tbb.dll
0x000007fefda60000 - 0x000007fefda79000 	C:\Windows\system32\imagehlp.dll
0x0000000072460000 - 0x0000000072473000 	C:\Program Files\MATLAB\R2012b\bin\win64\icuio44.dll
0x000007fef0d00000 - 0x000007fef0e25000 	C:\Windows\system32\dbghelp.dll
0x0000000076f50000 - 0x000000007704a000 	C:\Windows\system32\USER32.dll
0x000007fefd860000 - 0x000007fefd8c7000 	C:\Windows\system32\GDI32.dll
0x000007fefd2f0000 - 0x000007fefd2fe000 	C:\Windows\system32\LPK.dll
0x000007fefd670000 - 0x000007fefd739000 	C:\Windows\system32\USP10.dll
0x0000000004860000 - 0x0000000004b3c000 	C:\Program Files\MATLAB\R2012b\bin\win64\libmwservices.dll
0x0000000075a20000 - 0x0000000075af3000 	C:\Program Files\MATLAB\R2012b\bin\win64\libmx.dll
0x00000000042f0000 - 0x0000000004319000 	C:\Program Files\MATLAB\R2012b\bin\win64\tbbmalloc.dll
0x000000007a210000 - 0x000000007a228000 	C:\Program Files\MATLAB\R2012b\bin\win64\zlib1.dll
0x0000000004340000 - 0x000000000438d000 	C:\Program Files\MATLAB\R2012b\bin\win64\libmwregexp.dll
0x0000000004b40000 - 0x0000000004b63000 	C:\Program Files\MATLAB\R2012b\bin\win64\libmwmfl_scalar.dll
0x0000000075f10000 - 0x0000000075f60000 	C:\Program Files\MATLAB\R2012b\bin\win64\mpath.dll
0x000000007b680000 - 0x000000007bc9a000 	C:\Program Files\MATLAB\R2012b\bin\win64\mlutil.dll
0x00000000754d0000 - 0x0000000075551000 	C:\Program Files\MATLAB\R2012b\bin\win64\xmlcore.dll
0x0000000004bb0000 - 0x0000000004e03000 	C:\Program Files\MATLAB\R2012b\bin\win64\xerces-c_2_7.dll
0x0000000004e20000 - 0x0000000004e40000 	C:\Program Files\MATLAB\R2012b\bin\win64\libmwMATLAB_settings_res.dll
0x0000000004e50000 - 0x0000000004e60000 	C:\Program Files\MATLAB\R2012b\bin\win64\boost_iostreams-vc90-mt-1_44.dll
0x0000000004e70000 - 0x0000000004eb7000 	C:\Program Files\MATLAB\R2012b\bin\win64\boost_serialization-vc90-mt-1_44.dll
0x000007fefe610000 - 0x000007feff399000 	C:\Windows\system32\SHELL32.dll
0x000007fefe020000 - 0x000007fefe091000 	C:\Windows\system32\SHLWAPI.dll
0x000007fef4c10000 - 0x000007fef4cb0000 	C:\Windows\WinSxS\amd64_microsoft.windows.common-controls_6595b64144ccf1df_5.82.7601.18201_none_a4d3b9377117c3df\COMCTL32.dll
0x000007fefd5d0000 - 0x000007fefd667000 	C:\Windows\system32\COMDLG32.dll
0x000007fef6110000 - 0x000007fef6126000 	C:\Windows\system32\NETAPI32.dll
0x000007fef6100000 - 0x000007fef610c000 	C:\Windows\system32\netutils.dll
0x000007fefc9f0000 - 0x000007fefca13000 	C:\Windows\system32\srvcli.dll
0x000007fef60e0000 - 0x000007fef60f5000 	C:\Windows\system32\wkscli.dll
0x000007fefe220000 - 0x000007fefe423000 	C:\Windows\system32\ole32.dll
0x000007feff3a0000 - 0x000007feff477000 	C:\Windows\system32\OLEAUT32.dll
0x0000000074970000 - 0x0000000074a31000 	C:\Program Files\MATLAB\R2012b\bin\win64\mcr.dll
0x0000000075000000 - 0x00000000753e9000 	C:\Program Files\MATLAB\R2012b\bin\win64\iqm.dll
0x0000000074e80000 - 0x0000000074f38000 	C:\Program Files\MATLAB\R2012b\bin\win64\m_dispatcher.dll
0x0000000074880000 - 0x000000007496d000 	C:\Program Files\MATLAB\R2012b\bin\win64\boost_regex-vc90-mt-1_44.dll
0x000007fecf5b0000 - 0x000007fecfe21000 	C:\Program Files\MATLAB\R2012b\bin\win64\m_interpreter.dll
0x0000000072430000 - 0x0000000072457000 	C:\Program Files\MATLAB\R2012b\bin\win64\libmex.dll
0x0000000066740000 - 0x00000000667c4000 	C:\Program Files\MATLAB\R2012b\bin\win64\profiler.dll
0x0000000004f40000 - 0x00000000051aa000 	C:\Program Files\MATLAB\R2012b\bin\win64\libmwmathutil.dll
0x0000000079f40000 - 0x0000000079f6e000 	C:\Program Files\MATLAB\R2012b\bin\win64\libmwmathrng.dll
0x00000000051d0000 - 0x00000000051e2000 	C:\Program Files\MATLAB\R2012b\bin\win64\libmwmfl_rng.dll
0x0000000074c10000 - 0x0000000074cee000 	C:\Program Files\MATLAB\R2012b\bin\win64\libmwmathcore.dll
0x0000000076160000 - 0x00000000761ca000 	C:\Program Files\MATLAB\R2012b\bin\win64\libmwspmatrix.dll
0x0000000075ea0000 - 0x0000000075f02000 	C:\Program Files\MATLAB\R2012b\bin\win64\libmwcholmod.dll
0x000000007a460000 - 0x000000007a46d000 	C:\Program Files\MATLAB\R2012b\bin\win64\libmwamd.dll
0x000000007a4b0000 - 0x000000007a4bc000 	C:\Program Files\MATLAB\R2012b\bin\win64\libmwcolamd.dll
0x000000007a290000 - 0x000000007a2a9000 	C:\Program Files\MATLAB\R2012b\bin\win64\libmwblas.dll
0x000000007a310000 - 0x000000007a321000 	C:\Program Files\MATLAB\R2012b\bin\win64\libmwbinder.dll
0x000000007a4d0000 - 0x000000007a4dc000 	C:\Program Files\MATLAB\R2012b\bin\win64\libmwompwrapper.dll
0x0000000005280000 - 0x0000000005305000 	C:\Program Files\MATLAB\R2012b\bin\win64\libmwlapack.dll
0x0000000066b40000 - 0x0000000066b61000 	C:\Program Files\MATLAB\R2012b\bin\win64\m_pcodeio.dll
0x0000000079b10000 - 0x0000000079b77000 	C:\Program Files\MATLAB\R2012b\bin\win64\m_ir.dll
0x00000000601b0000 - 0x0000000060820000 	C:\Program Files\MATLAB\R2012b\bin\win64\m_parser.dll
0x0000000072410000 - 0x000000007242a000 	C:\Program Files\MATLAB\R2012b\bin\win64\ir_xfmr.dll
0x000007fecf310000 - 0x000007fecf5a6000 	C:\Program Files\MATLAB\R2012b\bin\win64\mcos.dll
0x0000000066720000 - 0x0000000066731000 	C:\Program Files\MATLAB\R2012b\bin\win64\mtok.dll
0x00000000666e0000 - 0x0000000066711000 	C:\Program Files\MATLAB\R2012b\bin\win64\m_pcodegen.dll
0x0000000079fb0000 - 0x0000000079fe6000 	C:\Program Files\MATLAB\R2012b\bin\win64\libmwbridge.dll
0x0000000065c70000 - 0x0000000065d38000 	C:\Program Files\MATLAB\R2012b\bin\win64\udd.dll
0x0000000060050000 - 0x00000000601a2000 	C:\Program Files\MATLAB\R2012b\bin\win64\libmwgui.dll
0x00000000666c0000 - 0x00000000666d7000 	C:\Program Files\MATLAB\R2012b\bin\win64\graphics_util.dll
0x000000005f5f0000 - 0x000000006004f000 	C:\Program Files\MATLAB\R2012b\bin\win64\hg.dll
0x00000000053e0000 - 0x0000000005448000 	C:\Program Files\MATLAB\R2012b\bin\win64\libmat.dll
0x0000000072d30000 - 0x0000000072f44000 	C:\Program Files\MATLAB\R2012b\bin\win64\hdf5dll.dll
0x0000000075710000 - 0x00000000757de000 	C:\Program Files\MATLAB\R2012b\bin\win64\jmi.dll
0x0000000005480000 - 0x000000000548d000 	C:\Program Files\MATLAB\R2012b\bin\win64\nativejava_services.dll
0x0000000066500000 - 0x0000000066546000 	C:\Program Files\MATLAB\R2012b\bin\win64\libmwhardcopy.dll
0x0000000066370000 - 0x00000000663d3000 	C:\Program Files\MATLAB\R2012b\bin\win64\libuij.dll
0x000000005f380000 - 0x000000005f5e4000 	C:\Program Files\MATLAB\R2012b\bin\win64\hgdatatypes.dll
0x000000005f260000 - 0x000000005f37f000 	C:\Program Files\MATLAB\R2012b\bin\win64\hgutils.dll
0x000000005f1a0000 - 0x000000005f260000 	C:\Program Files\MATLAB\R2012b\bin\win64\udd_mi.dll
0x00000000054f0000 - 0x000000000552b000 	C:\Program Files\MATLAB\R2012b\bin\win64\libmwgbtutils.dll
0x0000000005540000 - 0x000000000555b000 	C:\Program Files\MATLAB\R2012b\bin\win64\libmwgbt.dll
0x0000000005570000 - 0x0000000005841000 	C:\Program Files\MATLAB\R2012b\bin\win64\uiw.dll
0x000000006b090000 - 0x000000006b09f000 	C:\Program Files\MATLAB\R2012b\bin\win64\uinone.dll
0x0000000005870000 - 0x0000000005899000 	C:\Program Files\MATLAB\R2012b\bin\win64\libmwnativefiledialogs.dll
0x00000000058b0000 - 0x00000000058b8000 	C:\Program Files\MATLAB\R2012b\bin\win64\libmwplatform_res.dll
0x000007fef4840000 - 0x000007fef4858000 	C:\Windows\system32\MPR.dll
0x000000005e920000 - 0x000000005ee04000 	C:\Windows\WinSxS\amd64_microsoft.vc90.mfc_1fc8b3b9a1e18e3b_9.0.30729.6161_none_044aad0bab1eb146\mfc90.dll
0x000007fef5e40000 - 0x000007fef5e47000 	C:\Windows\system32\MSIMG32.dll
0x000007fef4b90000 - 0x000007fef4c01000 	C:\Windows\system32\WINSPOOL.DRV
0x0000000066340000 - 0x0000000066362000 	C:\Program Files\MATLAB\R2012b\bin\win64\mwoles05.DLL
0x0000000065d80000 - 0x0000000065dfd000 	C:\Program Files\MATLAB\R2012b\bin\win64\comcli.dll
0x00000000661b0000 - 0x00000000661df000 	C:\Windows\WinSxS\amd64_microsoft.vc90.atl_1fc8b3b9a1e18e3b_9.0.30729.6161_none_0a1fd3a3a768b895\ATL90.DLL
0x0000000069b40000 - 0x0000000069b4c000 	C:\Program Files\MATLAB\R2012b\bin\win64\mlautoregister.dll
0x000007fefd8d0000 - 0x000007fefd8fe000 	C:\Windows\system32\IMM32.DLL
0x000007fefdf10000 - 0x000007fefe019000 	C:\Windows\system32\MSCTF.dll
0x000007fef7c80000 - 0x000007fef7cd6000 	C:\Windows\system32\UxTheme.dll
0x000007fef7820000 - 0x000007fef7838000 	C:\Windows\system32\dwmapi.dll
0x0000000066ac0000 - 0x0000000066acd000 	C:\Windows\WinSxS\amd64_microsoft.vc90.mfcloc_1fc8b3b9a1e18e3b_9.0.30729.6161_none_01c9581e60cbee58\MFC90ENU.DLL
0x000007fefcf30000 - 0x000007fefcf3f000 	C:\Windows\system32\profapi.dll
0x0000000005a70000 - 0x0000000005a7f000 	C:\Program Files\MATLAB\R2012b\bin\win64\xmlxrcsc.dll
0x000007fefcdd0000 - 0x000007fefcddf000 	C:\Windows\system32\CRYPTBASE.dll
0x000007fef7e60000 - 0x000007fef8054000 	C:\Windows\WinSxS\amd64_microsoft.windows.common-controls_6595b64144ccf1df_6.0.7601.17514_none_fa396087175ac9ac\comctl32.dll
0x000007fefda80000 - 0x000007fefdc57000 	C:\Windows\system32\SETUPAPI.dll
0x000007fefd2b0000 - 0x000007fefd2e6000 	C:\Windows\system32\CFGMGR32.dll
0x000007fefd280000 - 0x000007fefd29a000 	C:\Windows\system32\DEVOBJ.dll
0x000007fefd7c0000 - 0x000007fefd859000 	C:\Windows\system32\CLBCatQ.DLL
0x000007fef7ce0000 - 0x000007fef7e0c000 	C:\Windows\system32\propsys.dll
0x000007fef7930000 - 0x000007fef795d000 	C:\Windows\system32\ntmarta.dll

VM Arguments:
jvm_args: -Xss512k -XX:PermSize=32m -Xms64m -XX:NewRatio=3 -XX:MaxPermSize=128m -Xmx196m -XX:MaxDirectMemorySize=2147400000 -Dsun.java2d.noddraw=true -Dsun.awt.nopixfmt=true -Xshare:off -Xrs -Dsun.awt.disableMixing=true -Djava.library.path=C:\Program Files\MATLAB\R2012b\bin\win64;C:\Program Files\MATLAB\R2012b\sys\jxbrowser\win64\lib vfprintf abort 
java_command: <unknown>
Launcher Type: generic

Environment Variables:
PATH=C:\Program Files (x86)\PC Connectivity Solution\;C:\Program Files (x86)\AMD APP\bin\x86_64;C:\Program Files (x86)\AMD APP\bin\x86;C:\Windows\system32;C:\Windows;C:\Windows\System32\Wbem;C:\Windows\System32\WindowsPowerShell\v1.0\;C:\Program Files (x86)\ATI Technologies\ATI.ACE\Core-Static;C:\Program Files\Intel\WiFi\bin\;C:\Program Files\Common Files\Intel\WirelessCommon\;C:\Program Files\MiKTeX 2.9\miktex\bin\x64\;C:\Program Files\MATLAB\R2012b\runtime\win64;C:\Program Files\MATLAB\R2012b\bin;C:\Program Files\Intel\WiFi\bin\;C:\Program Files\Common Files\Intel\WirelessCommon\
USERNAME=Golem
OS=Windows_NT
PROCESSOR_IDENTIFIER=Intel64 Family 6 Model 42 Stepping 7, GenuineIntel



---------------  S Y S T E M  ---------------

OS: Windows 7 Build 7601 Service Pack 1

CPU:total 4 (8 cores per cpu, 2 threads per core) family 6 model 42 stepping 7, cmov, cx8, fxsr, mmx, sse, sse2, sse3, ssse3, sse4.1, sse4.2, ht

Memory: 4k page, physical 8302408k(4665728k free), swap 8300552k(4300708k free)

vm_info: Java HotSpot(TM) 64-Bit Server VM (14.3-b01) for windows-amd64 JRE (1.6.0_17-b04), built on Oct 11 2009 00:46:08 by "java_re" with MS VC++ 8.0

time: Wed Apr 08 14:08:17 2015
elapsed time: 963 seconds

